<?xml version="1.0"?>
<testsuites>
  <testsuite name="Firefox 20.0.0 (Mac OS X 10.8)" package="undefined" timestamp="2013-05-15T03:56:53" id="0" hostname="vojta-mbp.local" tests="12" errors="0" failures="0" time="0.003">
    <properties>
      <property name="browser.fullName" value="Mozilla/5.0 (Macintosh; Intel Mac OS X 10.8; rv:20.0) Gecko/20100101 Firefox/20.0"/>
    </properties>
    <testcase name="should start execution when all files loaded and pass config" time="0" classname="Firefox 20.0.0 (Mac OS X 10.8).karma">
      <skipped/>
    </testcase>
    <testcase name="should not start execution if any error during loading files" time="0" classname="Firefox 20.0.0 (Mac OS X 10.8).karma">
      <skipped/>
    </testcase>
    <testcase name="should remove reference to start even after syntax error" time="0" classname="Firefox 20.0.0 (Mac OS X 10.8).karma">
      <skipped/>
    </testcase>
    <testcase name="should report navigator name" time="0" classname="Firefox 20.0.0 (Mac OS X 10.8).karma">
      <skipped/>
    </testcase>
    <testcase name="should report browser id" time="0" classname="Firefox 20.0.0 (Mac OS X 10.8).karma">
      <skipped/>
    </testcase>
    <testcase name="should be getter/setter" time="0" classname="Firefox 20.0.0 (Mac OS X 10.8).karma store">
      <skipped/>
    </testcase>
    <testcase name="should clone arrays to avoid memory leaks" time="0" classname="Firefox 20.0.0 (Mac OS X 10.8).karma store">
      <skipped/>
    </testcase>
    <testcase name="should serialize string" time="0" classname="Firefox 20.0.0 (Mac OS X 10.8).stringify">
      <skipped/>
    </testcase>
    <testcase name="should serialize booleans" time="0" classname="Firefox 20.0.0 (Mac OS X 10.8).stringify">
      <skipped/>
    </testcase>
    <testcase name="should serialize null and undefined" time="0" classname="Firefox 20.0.0 (Mac OS X 10.8).stringify">
      <skipped/>
    </testcase>
    <testcase name="should serialize functions" time="0" classname="Firefox 20.0.0 (Mac OS X 10.8).stringify">
      <skipped/>
    </testcase>
    <testcase name="should serialize arrays" time="0.003" classname="Firefox 20.0.0 (Mac OS X 10.8).stringify"/>
    <system-out><![CDATA[Firefox 20.0.0 (Mac OS X 10.8): [ 'arr', [ 'a', 'b', null, true, false ] ]

]]></system-out>
    <system-err/>
  </testsuite>
</testsuites>
